0 info it worked if it ends with ok
1 verbose cli [ '/usr/local/bin/node', '/usr/local/bin/npm', 'start' ]
2 info using npm@3.9.3
3 info using node@v6.2.1
4 verbose run-script [ 'prestart', 'start', 'poststart' ]
5 info lifecycle MusicPalace@0.1.0~prestart: MusicPalace@0.1.0
6 silly lifecycle MusicPalace@0.1.0~prestart: no script for prestart, continuing
7 info lifecycle MusicPalace@0.1.0~start: MusicPalace@0.1.0
8 verbose lifecycle MusicPalace@0.1.0~start: unsafe-perm in lifecycle true
9 verbose lifecycle MusicPalace@0.1.0~start: PATH: /usr/local/lib/node_modules/npm/bin/node-gyp-bin:/Users/Jay/Documents/CMSI402/MusicPalace/node_modules/.bin:/usr/local/bin:/Users/Jay/.opam/system/bin:/Users/Jay/Library/Android/sdk/platform-tools:/Users/Jay/Library/Android/sdk/tools:/Users/Jay/Documents/mongodb-osx-x86_64-3.4.10/bin/:/Library/Frameworks/Python.framework/Versions/3.5/bin:/usr/local/bin:/usr/bin:/bin:/usr/sbin:/sbin:/opt/X11/bin:/Users/Jay/.rvm/bin
10 verbose lifecycle MusicPalace@0.1.0~start: CWD: /Users/Jay/Documents/CMSI402/MusicPalace
11 silly lifecycle MusicPalace@0.1.0~start: Args: [ '-c', 'start' ]
12 info lifecycle MusicPalace@0.1.0~start: Failed to exec start script
13 verbose stack Error: MusicPalace@0.1.0 start: `start`
13 verbose stack spawn ENOENT
13 verbose stack     at ChildProcess.<anonymous> (/usr/local/lib/node_modules/npm/lib/utils/spawn.js:17:16)
13 verbose stack     at emitTwo (events.js:106:13)
13 verbose stack     at ChildProcess.emit (events.js:191:7)
13 verbose stack     at maybeClose (internal/child_process.js:852:16)
13 verbose stack     at Process.ChildProcess._handle.onexit (internal/child_process.js:215:5)
14 verbose pkgid MusicPalace@0.1.0
15 verbose cwd /Users/Jay/Documents/CMSI402/MusicPalace
16 error Darwin 16.7.0
17 error argv "/usr/local/bin/node" "/usr/local/bin/npm" "start"
18 error node v6.2.1
19 error npm  v3.9.3
20 error file sh
21 error code ELIFECYCLE
22 error errno ENOENT
23 error syscall spawn
24 error MusicPalace@0.1.0 start: `start`
24 error spawn ENOENT
25 error Failed at the MusicPalace@0.1.0 start script 'start'.
25 error Make sure you have the latest version of node.js and npm installed.
25 error If you do, this is most likely a problem with the MusicPalace package,
25 error not with npm itself.
25 error Tell the author that this fails on your system:
25 error     start
25 error You can get information on how to open an issue for this project with:
25 error     npm bugs MusicPalace
25 error Or if that isn't available, you can get their info via:
25 error     npm owner ls MusicPalace
25 error There is likely additional logging output above.
26 verbose exit [ 1, true ]
